
> mangasite@1.0.0 build-storybook
> storybook build --output-dir=C:\Users\wendsew\AppData\Local\Temp\chromatic--18688-ADiG848Rw7F4

[1m@storybook/core v8.5.3
[22m
info => Cleaning outputDir: [36m..\..\..\AppData\Local\Temp\chromatic--18688-ADiG848Rw7F4[39m
info => Loading presets
info => Building manager..
info => Manager built ([38;2;181;126;229m139 ms[39m)
info => Building preview..
info Addon-docs: using MDX3
info => Using implicit CSS loaders
info => Using default Webpack5 setup
info Using tsconfig paths for react-docgen
WARN asset size limit: The following asset(s) exceed the recommended size limit (244 KiB).
WARN This can impact web performance.
WARN Assets: 
WARN   static/media/addon-library.7a58d2cb.png (456 KiB)
WARN   844.98e8187c.iframe.bundle.js (995 KiB)
WARN   735.7a8d353d.iframe.bundle.js (357 KiB)
WARN   566.ff50a049.iframe.bundle.js (1.4 MiB)
WARN entrypoint size limit: The following entrypoint(s) combined asset size exceeds the recommended limit (244 KiB). This can impact web performance.
WARN Entrypoints:
WARN   main (1.41 MiB)
WARN       runtime~main.d0965675.iframe.bundle.js
WARN       566.ff50a049.iframe.bundle.js
WARN       main.361ac19b.iframe.bundle.js
WARN 
info => Preview built ([38;2;181;126;229m5.62 s[39m)
info => Output directory: C:\Users\wendsew\AppData\Local\Temp\chromatic--18688-ADiG848Rw7F4
